[2020-04-23 21:36:24] START
[2020-04-23 22:01:09] EDIT blog/models/db.py: 8
[2020-04-23 22:06:10] EDIT blog/models/db.py: 0
[2020-04-23 22:06:42] EDIT blog/models/db.py: 0
[2020-04-23 22:09:37] CREATE blog.py: 0
[2020-04-23 22:22:06] EDIT blog/controllers/blog.py: 6
[2020-04-23 22:22:42] EDIT blog/controllers/blog.py: 0
[2020-04-23 22:24:16] CREATE blog/post.html: 0
[2020-04-23 22:37:32] EDIT blog/views/blog/post.html: 0
[2020-04-23 23:08:00] EDIT blogs_app/controllers/blog.py: 3
[2020-04-23 23:09:38] EDIT blogs_app/controllers/blog.py: 0
[2020-04-23 23:09:44] EDIT blogs_app/controllers/blog.py: 0
[2020-04-23 23:09:48] EDIT blogs_app/controllers/blog.py: 0
[2020-04-23 23:10:33] EDIT blogs_app/controllers/blog.py: 0
[2020-04-23 23:12:30] EDIT blogs_app/controllers/blog.py: 0
[2020-04-23 23:13:54] EDIT blogs_app/controllers/blog.py: 0
[2020-04-23 23:26:15] EDIT blogs_app/controllers/blog.py: 15
[2020-04-23 23:26:50] CREATE blog/update.html: 0
[2020-04-23 23:28:42] EDIT blogs_app/views/blog/update.html: 0
[2020-04-23 23:29:01] EDIT blogs_app/views/blog/update.html: 0
[2020-04-23 23:31:21] CREATE blog_thanks.html: 0
[2020-04-23 23:31:39] EDIT blogs_app/views/blog_thanks.html: 0
[2020-04-24 00:13:16] EDIT blogs_app/controllers/blog.py: 0
[2020-04-24 00:13:33] CREATE blog/view.html: 0
[2020-04-24 00:13:55] EDIT blogs_app/views/blog/view.html: 13
[2020-04-24 00:17:26] EDIT blogs_app/controllers/blog.py: 3
